Error: Cannot find module '@adiwajshing/baileys'
Require stack:
- /storage/emulated/0/Caussz-main/index.js
    at Function.Module._resolveFilename (internal/modules/cjs/loader.js:880:15)
    at Module.Hook._require.Module.require (/data/data/com.termux/files/usr/lib/node_modules/pm2/node_modules/require-in-the-middle/index.js:61:29)
    at require (internal/modules/cjs/helpers.js:88:18)
    at Object.<anonymous> (/storage/emulated/0/Caussz-main/index.js:18:5)
    at Module._compile (internal/modules/cjs/loader.js:1063:30)
    at Object.Module._extensions..js (internal/modules/cjs/loader.js:1092:10)
    at Module.load (internal/modules/cjs/loader.js:928:32)
    at Function.Module._load (internal/modules/cjs/loader.js:769:14)
    at Object.<anonymous> (/data/data/com.termux/files/usr/lib/node_modules/pm2/lib/ProcessContainerFork.js:33:23)
    at Module._compile (internal/modules/cjs/loader.js:1063:30) {
  code: 'MODULE_NOT_FOUND',
  requireStack: [ '/storage/emulated/0/Caussz-main/index.js' ]
}
Error: Cannot find module '@adiwajshing/baileys'
Require stack:
- /storage/emulated/0/Caussz-main/index.js
    at Function.Module._resolveFilename (internal/modules/cjs/loader.js:880:15)
    at Module.Hook._require.Module.require (/data/data/com.termux/files/usr/lib/node_modules/pm2/node_modules/require-in-the-middle/index.js:61:29)
    at require (internal/modules/cjs/helpers.js:88:18)
    at Object.<anonymous> (/storage/emulated/0/Caussz-main/index.js:18:5)
    at Module._compile (internal/modules/cjs/loader.js:1063:30)
    at Object.Module._extensions..js (internal/modules/cjs/loader.js:1092:10)
    at Module.load (internal/modules/cjs/loader.js:928:32)
    at Function.Module._load (internal/modules/cjs/loader.js:769:14)
    at Object.<anonymous> (/data/data/com.termux/files/usr/lib/node_modules/pm2/lib/ProcessContainerFork.js:33:23)
    at Module._compile (internal/modules/cjs/loader.js:1063:30) {
  code: 'MODULE_NOT_FOUND',
  requireStack: [ '/storage/emulated/0/Caussz-main/index.js' ]
}
Error: Cannot find module '@adiwajshing/baileys'
Require stack:
- /storage/emulated/0/Caussz-main/index.js
    at Function.Module._resolveFilename (internal/modules/cjs/loader.js:880:15)
    at Module.Hook._require.Module.require (/data/data/com.termux/files/usr/lib/node_modules/pm2/node_modules/require-in-the-middle/index.js:61:29)
    at require (internal/modules/cjs/helpers.js:88:18)
    at Object.<anonymous> (/storage/emulated/0/Caussz-main/index.js:18:5)
    at Module._compile (internal/modules/cjs/loader.js:1063:30)
    at Object.Module._extensions..js (internal/modules/cjs/loader.js:1092:10)
    at Module.load (internal/modules/cjs/loader.js:928:32)
    at Function.Module._load (internal/modules/cjs/loader.js:769:14)
    at Object.<anonymous> (/data/data/com.termux/files/usr/lib/node_modules/pm2/lib/ProcessContainerFork.js:33:23)
    at Module._compile (internal/modules/cjs/loader.js:1063:30) {
  code: 'MODULE_NOT_FOUND',
  requireStack: [ '/storage/emulated/0/Caussz-main/index.js' ]
}
Error: Cannot find module '@adiwajshing/baileys'
Require stack:
- /storage/emulated/0/Caussz-main/index.js
    at Function.Module._resolveFilename (internal/modules/cjs/loader.js:880:15)
    at Module.Hook._require.Module.require (/data/data/com.termux/files/usr/lib/node_modules/pm2/node_modules/require-in-the-middle/index.js:61:29)
    at require (internal/modules/cjs/helpers.js:88:18)
    at Object.<anonymous> (/storage/emulated/0/Caussz-main/index.js:18:5)
    at Module._compile (internal/modules/cjs/loader.js:1063:30)
    at Object.Module._extensions..js (internal/modules/cjs/loader.js:1092:10)
    at Module.load (internal/modules/cjs/loader.js:928:32)
    at Function.Module._load (internal/modules/cjs/loader.js:769:14)
    at Object.<anonymous> (/data/data/com.termux/files/usr/lib/node_modules/pm2/lib/ProcessContainerFork.js:33:23)
    at Module._compile (internal/modules/cjs/loader.js:1063:30) {
  code: 'MODULE_NOT_FOUND',
  requireStack: [ '/storage/emulated/0/Caussz-main/index.js' ]
}
Error: Cannot find module '@adiwajshing/baileys'
Require stack:
- /storage/emulated/0/Caussz-main/index.js
    at Function.Module._resolveFilename (internal/modules/cjs/loader.js:880:15)
    at Module.Hook._require.Module.require (/data/data/com.termux/files/usr/lib/node_modules/pm2/node_modules/require-in-the-middle/index.js:61:29)
    at require (internal/modules/cjs/helpers.js:88:18)
    at Object.<anonymous> (/storage/emulated/0/Caussz-main/index.js:18:5)
    at Module._compile (internal/modules/cjs/loader.js:1063:30)
    at Object.Module._extensions..js (internal/modules/cjs/loader.js:1092:10)
    at Module.load (internal/modules/cjs/loader.js:928:32)
    at Function.Module._load (internal/modules/cjs/loader.js:769:14)
    at Object.<anonymous> (/data/data/com.termux/files/usr/lib/node_modules/pm2/lib/ProcessContainerFork.js:33:23)
    at Module._compile (internal/modules/cjs/loader.js:1063:30) {
  code: 'MODULE_NOT_FOUND',
  requireStack: [ '/storage/emulated/0/Caussz-main/index.js' ]
}
Error: Cannot find module '@adiwajshing/baileys'
Require stack:
- /storage/emulated/0/Caussz-main/index.js
    at Function.Module._resolveFilename (internal/modules/cjs/loader.js:880:15)
    at Module.Hook._require.Module.require (/data/data/com.termux/files/usr/lib/node_modules/pm2/node_modules/require-in-the-middle/index.js:61:29)
    at require (internal/modules/cjs/helpers.js:88:18)
    at Object.<anonymous> (/storage/emulated/0/Caussz-main/index.js:18:5)
    at Module._compile (internal/modules/cjs/loader.js:1063:30)
    at Object.Module._extensions..js (internal/modules/cjs/loader.js:1092:10)
    at Module.load (internal/modules/cjs/loader.js:928:32)
    at Function.Module._load (internal/modules/cjs/loader.js:769:14)
    at Object.<anonymous> (/data/data/com.termux/files/usr/lib/node_modules/pm2/lib/ProcessContainerFork.js:33:23)
    at Module._compile (internal/modules/cjs/loader.js:1063:30) {
  code: 'MODULE_NOT_FOUND',
  requireStack: [ '/storage/emulated/0/Caussz-main/index.js' ]
}
Error: Cannot find module '@adiwajshing/baileys'
Require stack:
- /storage/emulated/0/Caussz-main/index.js
    at Function.Module._resolveFilename (internal/modules/cjs/loader.js:880:15)
    at Module.Hook._require.Module.require (/data/data/com.termux/files/usr/lib/node_modules/pm2/node_modules/require-in-the-middle/index.js:61:29)
    at require (internal/modules/cjs/helpers.js:88:18)
    at Object.<anonymous> (/storage/emulated/0/Caussz-main/index.js:18:5)
    at Module._compile (internal/modules/cjs/loader.js:1063:30)
    at Object.Module._extensions..js (internal/modules/cjs/loader.js:1092:10)
    at Module.load (internal/modules/cjs/loader.js:928:32)
    at Function.Module._load (internal/modules/cjs/loader.js:769:14)
    at Object.<anonymous> (/data/data/com.termux/files/usr/lib/node_modules/pm2/lib/ProcessContainerFork.js:33:23)
    at Module._compile (internal/modules/cjs/loader.js:1063:30) {
  code: 'MODULE_NOT_FOUND',
  requireStack: [ '/storage/emulated/0/Caussz-main/index.js' ]
}
Error: Cannot find module '@adiwajshing/baileys'
Require stack:
- /storage/emulated/0/Caussz-main/index.js
    at Function.Module._resolveFilename (internal/modules/cjs/loader.js:880:15)
    at Module.Hook._require.Module.require (/data/data/com.termux/files/usr/lib/node_modules/pm2/node_modules/require-in-the-middle/index.js:61:29)
    at require (internal/modules/cjs/helpers.js:88:18)
    at Object.<anonymous> (/storage/emulated/0/Caussz-main/index.js:18:5)
    at Module._compile (internal/modules/cjs/loader.js:1063:30)
    at Object.Module._extensions..js (internal/modules/cjs/loader.js:1092:10)
    at Module.load (internal/modules/cjs/loader.js:928:32)
    at Function.Module._load (internal/modules/cjs/loader.js:769:14)
    at Object.<anonymous> (/data/data/com.termux/files/usr/lib/node_modules/pm2/lib/ProcessContainerFork.js:33:23)
    at Module._compile (internal/modules/cjs/loader.js:1063:30) {
  code: 'MODULE_NOT_FOUND',
  requireStack: [ '/storage/emulated/0/Caussz-main/index.js' ]
}
Error: Cannot find module '@adiwajshing/baileys'
Require stack:
- /storage/emulated/0/Caussz-main/index.js
    at Function.Module._resolveFilename (internal/modules/cjs/loader.js:880:15)
    at Module.Hook._require.Module.require (/data/data/com.termux/files/usr/lib/node_modules/pm2/node_modules/require-in-the-middle/index.js:61:29)
    at require (internal/modules/cjs/helpers.js:88:18)
    at Object.<anonymous> (/storage/emulated/0/Caussz-main/index.js:18:5)
    at Module._compile (internal/modules/cjs/loader.js:1063:30)
    at Object.Module._extensions..js (internal/modules/cjs/loader.js:1092:10)
    at Module.load (internal/modules/cjs/loader.js:928:32)
    at Function.Module._load (internal/modules/cjs/loader.js:769:14)
    at Object.<anonymous> (/data/data/com.termux/files/usr/lib/node_modules/pm2/lib/ProcessContainerFork.js:33:23)
    at Module._compile (internal/modules/cjs/loader.js:1063:30) {
  code: 'MODULE_NOT_FOUND',
  requireStack: [ '/storage/emulated/0/Caussz-main/index.js' ]
}
Error: Cannot find module '@adiwajshing/baileys'
Require stack:
- /storage/emulated/0/Caussz-main/index.js
    at Function.Module._resolveFilename (internal/modules/cjs/loader.js:880:15)
    at Module.Hook._require.Module.require (/data/data/com.termux/files/usr/lib/node_modules/pm2/node_modules/require-in-the-middle/index.js:61:29)
    at require (internal/modules/cjs/helpers.js:88:18)
    at Object.<anonymous> (/storage/emulated/0/Caussz-main/index.js:18:5)
    at Module._compile (internal/modules/cjs/loader.js:1063:30)
    at Object.Module._extensions..js (internal/modules/cjs/loader.js:1092:10)
    at Module.load (internal/modules/cjs/loader.js:928:32)
    at Function.Module._load (internal/modules/cjs/loader.js:769:14)
    at Object.<anonymous> (/data/data/com.termux/files/usr/lib/node_modules/pm2/lib/ProcessContainerFork.js:33:23)
    at Module._compile (internal/modules/cjs/loader.js:1063:30) {
  code: 'MODULE_NOT_FOUND',
  requireStack: [ '/storage/emulated/0/Caussz-main/index.js' ]
}
Error: Cannot find module '@adiwajshing/baileys'
Require stack:
- /storage/emulated/0/Caussz-main/index.js
    at Function.Module._resolveFilename (internal/modules/cjs/loader.js:880:15)
    at Module.Hook._require.Module.require (/data/data/com.termux/files/usr/lib/node_modules/pm2/node_modules/require-in-the-middle/index.js:61:29)
    at require (internal/modules/cjs/helpers.js:88:18)
    at Object.<anonymous> (/storage/emulated/0/Caussz-main/index.js:18:5)
    at Module._compile (internal/modules/cjs/loader.js:1063:30)
    at Object.Module._extensions..js (internal/modules/cjs/loader.js:1092:10)
    at Module.load (internal/modules/cjs/loader.js:928:32)
    at Function.Module._load (internal/modules/cjs/loader.js:769:14)
    at Object.<anonymous> (/data/data/com.termux/files/usr/lib/node_modules/pm2/lib/ProcessContainerFork.js:33:23)
    at Module._compile (internal/modules/cjs/loader.js:1063:30) {
  code: 'MODULE_NOT_FOUND',
  requireStack: [ '/storage/emulated/0/Caussz-main/index.js' ]
}
Error: Cannot find module '@adiwajshing/baileys'
Require stack:
- /storage/emulated/0/Caussz-main/index.js
    at Function.Module._resolveFilename (internal/modules/cjs/loader.js:880:15)
    at Module.Hook._require.Module.require (/data/data/com.termux/files/usr/lib/node_modules/pm2/node_modules/require-in-the-middle/index.js:61:29)
    at require (internal/modules/cjs/helpers.js:88:18)
    at Object.<anonymous> (/storage/emulated/0/Caussz-main/index.js:18:5)
    at Module._compile (internal/modules/cjs/loader.js:1063:30)
    at Object.Module._extensions..js (internal/modules/cjs/loader.js:1092:10)
    at Module.load (internal/modules/cjs/loader.js:928:32)
    at Function.Module._load (internal/modules/cjs/loader.js:769:14)
    at Object.<anonymous> (/data/data/com.termux/files/usr/lib/node_modules/pm2/lib/ProcessContainerFork.js:33:23)
    at Module._compile (internal/modules/cjs/loader.js:1063:30) {
  code: 'MODULE_NOT_FOUND',
  requireStack: [ '/storage/emulated/0/Caussz-main/index.js' ]
}
Error: Cannot find module '@adiwajshing/baileys'
Require stack:
- /storage/emulated/0/Caussz-main/index.js
    at Function.Module._resolveFilename (internal/modules/cjs/loader.js:880:15)
    at Module.Hook._require.Module.require (/data/data/com.termux/files/usr/lib/node_modules/pm2/node_modules/require-in-the-middle/index.js:61:29)
    at require (internal/modules/cjs/helpers.js:88:18)
    at Object.<anonymous> (/storage/emulated/0/Caussz-main/index.js:18:5)
    at Module._compile (internal/modules/cjs/loader.js:1063:30)
    at Object.Module._extensions..js (internal/modules/cjs/loader.js:1092:10)
    at Module.load (internal/modules/cjs/loader.js:928:32)
    at Function.Module._load (internal/modules/cjs/loader.js:769:14)
    at Object.<anonymous> (/data/data/com.termux/files/usr/lib/node_modules/pm2/lib/ProcessContainerFork.js:33:23)
    at Module._compile (internal/modules/cjs/loader.js:1063:30) {
  code: 'MODULE_NOT_FOUND',
  requireStack: [ '/storage/emulated/0/Caussz-main/index.js' ]
}
Error: Cannot find module '@adiwajshing/baileys'
Require stack:
- /storage/emulated/0/Caussz-main/index.js
    at Function.Module._resolveFilename (internal/modules/cjs/loader.js:880:15)
    at Module.Hook._require.Module.require (/data/data/com.termux/files/usr/lib/node_modules/pm2/node_modules/require-in-the-middle/index.js:61:29)
    at require (internal/modules/cjs/helpers.js:88:18)
    at Object.<anonymous> (/storage/emulated/0/Caussz-main/index.js:18:5)
    at Module._compile (internal/modules/cjs/loader.js:1063:30)
    at Object.Module._extensions..js (internal/modules/cjs/loader.js:1092:10)
    at Module.load (internal/modules/cjs/loader.js:928:32)
    at Function.Module._load (internal/modules/cjs/loader.js:769:14)
    at Object.<anonymous> (/data/data/com.termux/files/usr/lib/node_modules/pm2/lib/ProcessContainerFork.js:33:23)
    at Module._compile (internal/modules/cjs/loader.js:1063:30) {
  code: 'MODULE_NOT_FOUND',
  requireStack: [ '/storage/emulated/0/Caussz-main/index.js' ]
}
Error: Cannot find module '@adiwajshing/baileys'
Require stack:
- /storage/emulated/0/Caussz-main/index.js
    at Function.Module._resolveFilename (internal/modules/cjs/loader.js:880:15)
    at Module.Hook._require.Module.require (/data/data/com.termux/files/usr/lib/node_modules/pm2/node_modules/require-in-the-middle/index.js:61:29)
    at require (internal/modules/cjs/helpers.js:88:18)
    at Object.<anonymous> (/storage/emulated/0/Caussz-main/index.js:18:5)
    at Module._compile (internal/modules/cjs/loader.js:1063:30)
    at Object.Module._extensions..js (internal/modules/cjs/loader.js:1092:10)
    at Module.load (internal/modules/cjs/loader.js:928:32)
    at Function.Module._load (internal/modules/cjs/loader.js:769:14)
    at Object.<anonymous> (/data/data/com.termux/files/usr/lib/node_modules/pm2/lib/ProcessContainerFork.js:33:23)
    at Module._compile (internal/modules/cjs/loader.js:1063:30) {
  code: 'MODULE_NOT_FOUND',
  requireStack: [ '/storage/emulated/0/Caussz-main/index.js' ]
}
Error: Cannot find module '@adiwajshing/baileys'
Require stack:
- /storage/emulated/0/Caussz-main/index.js
    at Function.Module._resolveFilename (internal/modules/cjs/loader.js:880:15)
    at Module.Hook._require.Module.require (/data/data/com.termux/files/usr/lib/node_modules/pm2/node_modules/require-in-the-middle/index.js:61:29)
    at require (internal/modules/cjs/helpers.js:88:18)
    at Object.<anonymous> (/storage/emulated/0/Caussz-main/index.js:18:5)
    at Module._compile (internal/modules/cjs/loader.js:1063:30)
    at Object.Module._extensions..js (internal/modules/cjs/loader.js:1092:10)
    at Module.load (internal/modules/cjs/loader.js:928:32)
    at Function.Module._load (internal/modules/cjs/loader.js:769:14)
    at Object.<anonymous> (/data/data/com.termux/files/usr/lib/node_modules/pm2/lib/ProcessContainerFork.js:33:23)
    at Module._compile (internal/modules/cjs/loader.js:1063:30) {
  code: 'MODULE_NOT_FOUND',
  requireStack: [ '/storage/emulated/0/Caussz-main/index.js' ]
}
Error: Cannot find module '@adiwajshing/baileys'
Require stack:
- /storage/emulated/0/Caussz-main/index.js
    at Function.Module._resolveFilename (internal/modules/cjs/loader.js:880:15)
    at Module.Hook._require.Module.require (/data/data/com.termux/files/usr/lib/node_modules/pm2/node_modules/require-in-the-middle/index.js:61:29)
    at require (internal/modules/cjs/helpers.js:88:18)
    at Object.<anonymous> (/storage/emulated/0/Caussz-main/index.js:18:5)
    at Module._compile (internal/modules/cjs/loader.js:1063:30)
    at Object.Module._extensions..js (internal/modules/cjs/loader.js:1092:10)
    at Module.load (internal/modules/cjs/loader.js:928:32)
    at Function.Module._load (internal/modules/cjs/loader.js:769:14)
    at Object.<anonymous> (/data/data/com.termux/files/usr/lib/node_modules/pm2/lib/ProcessContainerFork.js:33:23)
    at Module._compile (internal/modules/cjs/loader.js:1063:30) {
  code: 'MODULE_NOT_FOUND',
  requireStack: [ '/storage/emulated/0/Caussz-main/index.js' ]
}
Error: Cannot find module '@adiwajshing/baileys'
Require stack:
- /storage/emulated/0/Caussz-main/index.js
    at Function.Module._resolveFilename (internal/modules/cjs/loader.js:880:15)
    at Module.Hook._require.Module.require (/data/data/com.termux/files/usr/lib/node_modules/pm2/node_modules/require-in-the-middle/index.js:61:29)
    at require (internal/modules/cjs/helpers.js:88:18)
    at Object.<anonymous> (/storage/emulated/0/Caussz-main/index.js:18:5)
    at Module._compile (internal/modules/cjs/loader.js:1063:30)
    at Object.Module._extensions..js (internal/modules/cjs/loader.js:1092:10)
    at Module.load (internal/modules/cjs/loader.js:928:32)
    at Function.Module._load (internal/modules/cjs/loader.js:769:14)
    at Object.<anonymous> (/data/data/com.termux/files/usr/lib/node_modules/pm2/lib/ProcessContainerFork.js:33:23)
    at Module._compile (internal/modules/cjs/loader.js:1063:30) {
  code: 'MODULE_NOT_FOUND',
  requireStack: [ '/storage/emulated/0/Caussz-main/index.js' ]
}
Error: Cannot find module '@adiwajshing/baileys'
Require stack:
- /storage/emulated/0/Caussz-main/index.js
    at Function.Module._resolveFilename (internal/modules/cjs/loader.js:880:15)
    at Module.Hook._require.Module.require (/data/data/com.termux/files/usr/lib/node_modules/pm2/node_modules/require-in-the-middle/index.js:61:29)
    at require (internal/modules/cjs/helpers.js:88:18)
    at Object.<anonymous> (/storage/emulated/0/Caussz-main/index.js:18:5)
    at Module._compile (internal/modules/cjs/loader.js:1063:30)
    at Object.Module._extensions..js (internal/modules/cjs/loader.js:1092:10)
    at Module.load (internal/modules/cjs/loader.js:928:32)
    at Function.Module._load (internal/modules/cjs/loader.js:769:14)
    at Object.<anonymous> (/data/data/com.termux/files/usr/lib/node_modules/pm2/lib/ProcessContainerFork.js:33:23)
    at Module._compile (internal/modules/cjs/loader.js:1063:30) {
  code: 'MODULE_NOT_FOUND',
  requireStack: [ '/storage/emulated/0/Caussz-main/index.js' ]
}
Error: Cannot find module '@adiwajshing/baileys'
Require stack:
- /storage/emulated/0/Caussz-main/index.js
    at Function.Module._resolveFilename (internal/modules/cjs/loader.js:880:15)
    at Module.Hook._require.Module.require (/data/data/com.termux/files/usr/lib/node_modules/pm2/node_modules/require-in-the-middle/index.js:61:29)
    at require (internal/modules/cjs/helpers.js:88:18)
    at Object.<anonymous> (/storage/emulated/0/Caussz-main/index.js:18:5)
    at Module._compile (internal/modules/cjs/loader.js:1063:30)
    at Object.Module._extensions..js (internal/modules/cjs/loader.js:1092:10)
    at Module.load (internal/modules/cjs/loader.js:928:32)
    at Function.Module._load (internal/modules/cjs/loader.js:769:14)
    at Object.<anonymous> (/data/data/com.termux/files/usr/lib/node_modules/pm2/lib/ProcessContainerFork.js:33:23)
    at Module._compile (internal/modules/cjs/loader.js:1063:30) {
  code: 'MODULE_NOT_FOUND',
  requireStack: [ '/storage/emulated/0/Caussz-main/index.js' ]
}
Error: Cannot find module '@adiwajshing/baileys'
Require stack:
- /storage/emulated/0/Caussz-main/index.js
    at Function.Module._resolveFilename (internal/modules/cjs/loader.js:880:15)
    at Module.Hook._require.Module.require (/data/data/com.termux/files/usr/lib/node_modules/pm2/node_modules/require-in-the-middle/index.js:61:29)
    at require (internal/modules/cjs/helpers.js:88:18)
    at Object.<anonymous> (/storage/emulated/0/Caussz-main/index.js:18:5)
    at Module._compile (internal/modules/cjs/loader.js:1063:30)
    at Object.Module._extensions..js (internal/modules/cjs/loader.js:1092:10)
    at Module.load (internal/modules/cjs/loader.js:928:32)
    at Function.Module._load (internal/modules/cjs/loader.js:769:14)
    at Object.<anonymous> (/data/data/com.termux/files/usr/lib/node_modules/pm2/lib/ProcessContainerFork.js:33:23)
    at Module._compile (internal/modules/cjs/loader.js:1063:30) {
  code: 'MODULE_NOT_FOUND',
  requireStack: [ '/storage/emulated/0/Caussz-main/index.js' ]
}
Error: Cannot find module '@adiwajshing/baileys'
Require stack:
- /storage/emulated/0/Caussz-main/index.js
    at Function.Module._resolveFilename (internal/modules/cjs/loader.js:880:15)
    at Module.Hook._require.Module.require (/data/data/com.termux/files/usr/lib/node_modules/pm2/node_modules/require-in-the-middle/index.js:61:29)
    at require (internal/modules/cjs/helpers.js:88:18)
    at Object.<anonymous> (/storage/emulated/0/Caussz-main/index.js:18:5)
    at Module._compile (internal/modules/cjs/loader.js:1063:30)
    at Object.Module._extensions..js (internal/modules/cjs/loader.js:1092:10)
    at Module.load (internal/modules/cjs/loader.js:928:32)
    at Function.Module._load (internal/modules/cjs/loader.js:769:14)
    at Object.<anonymous> (/data/data/com.termux/files/usr/lib/node_modules/pm2/lib/ProcessContainerFork.js:33:23)
    at Module._compile (internal/modules/cjs/loader.js:1063:30) {
  code: 'MODULE_NOT_FOUND',
  requireStack: [ '/storage/emulated/0/Caussz-main/index.js' ]
}
Error: Cannot find module '@adiwajshing/baileys'
Require stack:
- /storage/emulated/0/Caussz-main/index.js
    at Function.Module._resolveFilename (internal/modules/cjs/loader.js:880:15)
    at Module.Hook._require.Module.require (/data/data/com.termux/files/usr/lib/node_modules/pm2/node_modules/require-in-the-middle/index.js:61:29)
    at require (internal/modules/cjs/helpers.js:88:18)
    at Object.<anonymous> (/storage/emulated/0/Caussz-main/index.js:18:5)
    at Module._compile (internal/modules/cjs/loader.js:1063:30)
    at Object.Module._extensions..js (internal/modules/cjs/loader.js:1092:10)
    at Module.load (internal/modules/cjs/loader.js:928:32)
    at Function.Module._load (internal/modules/cjs/loader.js:769:14)
    at Object.<anonymous> (/data/data/com.termux/files/usr/lib/node_modules/pm2/lib/ProcessContainerFork.js:33:23)
    at Module._compile (internal/modules/cjs/loader.js:1063:30) {
  code: 'MODULE_NOT_FOUND',
  requireStack: [ '/storage/emulated/0/Caussz-main/index.js' ]
}
Error: Cannot find module '@adiwajshing/baileys'
Require stack:
- /storage/emulated/0/Caussz-main/index.js
    at Function.Module._resolveFilename (internal/modules/cjs/loader.js:880:15)
    at Module.Hook._require.Module.require (/data/data/com.termux/files/usr/lib/node_modules/pm2/node_modules/require-in-the-middle/index.js:61:29)
    at require (internal/modules/cjs/helpers.js:88:18)
    at Object.<anonymous> (/storage/emulated/0/Caussz-main/index.js:18:5)
    at Module._compile (internal/modules/cjs/loader.js:1063:30)
    at Object.Module._extensions..js (internal/modules/cjs/loader.js:1092:10)
    at Module.load (internal/modules/cjs/loader.js:928:32)
    at Function.Module._load (internal/modules/cjs/loader.js:769:14)
    at Object.<anonymous> (/data/data/com.termux/files/usr/lib/node_modules/pm2/lib/ProcessContainerFork.js:33:23)
    at Module._compile (internal/modules/cjs/loader.js:1063:30) {
  code: 'MODULE_NOT_FOUND',
  requireStack: [ '/storage/emulated/0/Caussz-main/index.js' ]
}
Error: Cannot find module '@adiwajshing/baileys'
Require stack:
- /storage/emulated/0/Caussz-main/index.js
    at Function.Module._resolveFilename (internal/modules/cjs/loader.js:880:15)
    at Module.Hook._require.Module.require (/data/data/com.termux/files/usr/lib/node_modules/pm2/node_modules/require-in-the-middle/index.js:61:29)
    at require (internal/modules/cjs/helpers.js:88:18)
    at Object.<anonymous> (/storage/emulated/0/Caussz-main/index.js:18:5)
    at Module._compile (internal/modules/cjs/loader.js:1063:30)
    at Object.Module._extensions..js (internal/modules/cjs/loader.js:1092:10)
    at Module.load (internal/modules/cjs/loader.js:928:32)
    at Function.Module._load (internal/modules/cjs/loader.js:769:14)
    at Object.<anonymous> (/data/data/com.termux/files/usr/lib/node_modules/pm2/lib/ProcessContainerFork.js:33:23)
    at Module._compile (internal/modules/cjs/loader.js:1063:30) {
  code: 'MODULE_NOT_FOUND',
  requireStack: [ '/storage/emulated/0/Caussz-main/index.js' ]
}
Error: Cannot find module '@adiwajshing/baileys'
Require stack:
- /storage/emulated/0/Caussz-main/index.js
    at Function.Module._resolveFilename (internal/modules/cjs/loader.js:880:15)
    at Module.Hook._require.Module.require (/data/data/com.termux/files/usr/lib/node_modules/pm2/node_modules/require-in-the-middle/index.js:61:29)
    at require (internal/modules/cjs/helpers.js:88:18)
    at Object.<anonymous> (/storage/emulated/0/Caussz-main/index.js:18:5)
    at Module._compile (internal/modules/cjs/loader.js:1063:30)
    at Object.Module._extensions..js (internal/modules/cjs/loader.js:1092:10)
    at Module.load (internal/modules/cjs/loader.js:928:32)
    at Function.Module._load (internal/modules/cjs/loader.js:769:14)
    at Object.<anonymous> (/data/data/com.termux/files/usr/lib/node_modules/pm2/lib/ProcessContainerFork.js:33:23)
    at Module._compile (internal/modules/cjs/loader.js:1063:30) {
  code: 'MODULE_NOT_FOUND',
  requireStack: [ '/storage/emulated/0/Caussz-main/index.js' ]
}
Error: Cannot find module '@adiwajshing/baileys'
Require stack:
- /storage/emulated/0/Caussz-main/index.js
    at Function.Module._resolveFilename (internal/modules/cjs/loader.js:880:15)
    at Module.Hook._require.Module.require (/data/data/com.termux/files/usr/lib/node_modules/pm2/node_modules/require-in-the-middle/index.js:61:29)
    at require (internal/modules/cjs/helpers.js:88:18)
    at Object.<anonymous> (/storage/emulated/0/Caussz-main/index.js:18:5)
    at Module._compile (internal/modules/cjs/loader.js:1063:30)
    at Object.Module._extensions..js (internal/modules/cjs/loader.js:1092:10)
    at Module.load (internal/modules/cjs/loader.js:928:32)
    at Function.Module._load (internal/modules/cjs/loader.js:769:14)
    at Object.<anonymous> (/data/data/com.termux/files/usr/lib/node_modules/pm2/lib/ProcessContainerFork.js:33:23)
    at Module._compile (internal/modules/cjs/loader.js:1063:30) {
  code: 'MODULE_NOT_FOUND',
  requireStack: [ '/storage/emulated/0/Caussz-main/index.js' ]
}
Error: Cannot find module '@adiwajshing/baileys'
Require stack:
- /storage/emulated/0/Caussz-main/index.js
    at Function.Module._resolveFilename (internal/modules/cjs/loader.js:880:15)
    at Module.Hook._require.Module.require (/data/data/com.termux/files/usr/lib/node_modules/pm2/node_modules/require-in-the-middle/index.js:61:29)
    at require (internal/modules/cjs/helpers.js:88:18)
    at Object.<anonymous> (/storage/emulated/0/Caussz-main/index.js:18:5)
    at Module._compile (internal/modules/cjs/loader.js:1063:30)
    at Object.Module._extensions..js (internal/modules/cjs/loader.js:1092:10)
    at Module.load (internal/modules/cjs/loader.js:928:32)
    at Function.Module._load (internal/modules/cjs/loader.js:769:14)
    at Object.<anonymous> (/data/data/com.termux/files/usr/lib/node_modules/pm2/lib/ProcessContainerFork.js:33:23)
    at Module._compile (internal/modules/cjs/loader.js:1063:30) {
  code: 'MODULE_NOT_FOUND',
  requireStack: [ '/storage/emulated/0/Caussz-main/index.js' ]
}
Error: Cannot find module '@adiwajshing/baileys'
Require stack:
- /storage/emulated/0/Caussz-main/index.js
    at Function.Module._resolveFilename (internal/modules/cjs/loader.js:880:15)
    at Module.Hook._require.Module.require (/data/data/com.termux/files/usr/lib/node_modules/pm2/node_modules/require-in-the-middle/index.js:61:29)
    at require (internal/modules/cjs/helpers.js:88:18)
    at Object.<anonymous> (/storage/emulated/0/Caussz-main/index.js:18:5)
    at Module._compile (internal/modules/cjs/loader.js:1063:30)
    at Object.Module._extensions..js (internal/modules/cjs/loader.js:1092:10)
    at Module.load (internal/modules/cjs/loader.js:928:32)
    at Function.Module._load (internal/modules/cjs/loader.js:769:14)
    at Object.<anonymous> (/data/data/com.termux/files/usr/lib/node_modules/pm2/lib/ProcessContainerFork.js:33:23)
    at Module._compile (internal/modules/cjs/loader.js:1063:30) {
  code: 'MODULE_NOT_FOUND',
  requireStack: [ '/storage/emulated/0/Caussz-main/index.js' ]
}
Error: Cannot find module '@adiwajshing/baileys'
Require stack:
- /storage/emulated/0/Caussz-main/index.js
    at Function.Module._resolveFilename (internal/modules/cjs/loader.js:880:15)
    at Module.Hook._require.Module.require (/data/data/com.termux/files/usr/lib/node_modules/pm2/node_modules/require-in-the-middle/index.js:61:29)
    at require (internal/modules/cjs/helpers.js:88:18)
    at Object.<anonymous> (/storage/emulated/0/Caussz-main/index.js:18:5)
    at Module._compile (internal/modules/cjs/loader.js:1063:30)
    at Object.Module._extensions..js (internal/modules/cjs/loader.js:1092:10)
    at Module.load (internal/modules/cjs/loader.js:928:32)
    at Function.Module._load (internal/modules/cjs/loader.js:769:14)
    at Object.<anonymous> (/data/data/com.termux/files/usr/lib/node_modules/pm2/lib/ProcessContainerFork.js:33:23)
    at Module._compile (internal/modules/cjs/loader.js:1063:30) {
  code: 'MODULE_NOT_FOUND',
  requireStack: [ '/storage/emulated/0/Caussz-main/index.js' ]
}
Error: Cannot find module '@adiwajshing/baileys'
Require stack:
- /storage/emulated/0/Caussz-main/index.js
    at Function.Module._resolveFilename (internal/modules/cjs/loader.js:880:15)
    at Module.Hook._require.Module.require (/data/data/com.termux/files/usr/lib/node_modules/pm2/node_modules/require-in-the-middle/index.js:61:29)
    at require (internal/modules/cjs/helpers.js:88:18)
    at Object.<anonymous> (/storage/emulated/0/Caussz-main/index.js:18:5)
    at Module._compile (internal/modules/cjs/loader.js:1063:30)
    at Object.Module._extensions..js (internal/modules/cjs/loader.js:1092:10)
    at Module.load (internal/modules/cjs/loader.js:928:32)
    at Function.Module._load (internal/modules/cjs/loader.js:769:14)
    at Object.<anonymous> (/data/data/com.termux/files/usr/lib/node_modules/pm2/lib/ProcessContainerFork.js:33:23)
    at Module._compile (internal/modules/cjs/loader.js:1063:30) {
  code: 'MODULE_NOT_FOUND',
  requireStack: [ '/storage/emulated/0/Caussz-main/index.js' ]
}
Error: Cannot find module '@adiwajshing/baileys'
Require stack:
- /storage/emulated/0/Caussz-main/index.js
    at Function.Module._resolveFilename (internal/modules/cjs/loader.js:880:15)
    at Module.Hook._require.Module.require (/data/data/com.termux/files/usr/lib/node_modules/pm2/node_modules/require-in-the-middle/index.js:61:29)
    at require (internal/modules/cjs/helpers.js:88:18)
    at Object.<anonymous> (/storage/emulated/0/Caussz-main/index.js:18:5)
    at Module._compile (internal/modules/cjs/loader.js:1063:30)
    at Object.Module._extensions..js (internal/modules/cjs/loader.js:1092:10)
    at Module.load (internal/modules/cjs/loader.js:928:32)
    at Function.Module._load (internal/modules/cjs/loader.js:769:14)
    at Object.<anonymous> (/data/data/com.termux/files/usr/lib/node_modules/pm2/lib/ProcessContainerFork.js:33:23)
    at Module._compile (internal/modules/cjs/loader.js:1063:30) {
  code: 'MODULE_NOT_FOUND',
  requireStack: [ '/storage/emulated/0/Caussz-main/index.js' ]
}
Error: Cannot find module '@adiwajshing/baileys'
Require stack:
- /storage/emulated/0/Caussz-main/index.js
    at Function.Module._resolveFilename (internal/modules/cjs/loader.js:880:15)
    at Module.Hook._require.Module.require (/data/data/com.termux/files/usr/lib/node_modules/pm2/node_modules/require-in-the-middle/index.js:61:29)
    at require (internal/modules/cjs/helpers.js:88:18)
    at Object.<anonymous> (/storage/emulated/0/Caussz-main/index.js:18:5)
    at Module._compile (internal/modules/cjs/loader.js:1063:30)
    at Object.Module._extensions..js (internal/modules/cjs/loader.js:1092:10)
    at Module.load (internal/modules/cjs/loader.js:928:32)
    at Function.Module._load (internal/modules/cjs/loader.js:769:14)
    at Object.<anonymous> (/data/data/com.termux/files/usr/lib/node_modules/pm2/lib/ProcessContainerFork.js:33:23)
    at Module._compile (internal/modules/cjs/loader.js:1063:30) {
  code: 'MODULE_NOT_FOUND',
  requireStack: [ '/storage/emulated/0/Caussz-main/index.js' ]
}
Error: Cannot find module '@adiwajshing/baileys'
Require stack:
- /storage/emulated/0/Caussz-main/index.js
    at Function.Module._resolveFilename (internal/modules/cjs/loader.js:880:15)
    at Module.Hook._require.Module.require (/data/data/com.termux/files/usr/lib/node_modules/pm2/node_modules/require-in-the-middle/index.js:61:29)
    at require (internal/modules/cjs/helpers.js:88:18)
    at Object.<anonymous> (/storage/emulated/0/Caussz-main/index.js:18:5)
    at Module._compile (internal/modules/cjs/loader.js:1063:30)
    at Object.Module._extensions..js (internal/modules/cjs/loader.js:1092:10)
    at Module.load (internal/modules/cjs/loader.js:928:32)
    at Function.Module._load (internal/modules/cjs/loader.js:769:14)
    at Object.<anonymous> (/data/data/com.termux/files/usr/lib/node_modules/pm2/lib/ProcessContainerFork.js:33:23)
    at Module._compile (internal/modules/cjs/loader.js:1063:30) {
  code: 'MODULE_NOT_FOUND',
  requireStack: [ '/storage/emulated/0/Caussz-main/index.js' ]
}
Error: Cannot find module '@adiwajshing/baileys'
Require stack:
- /storage/emulated/0/Caussz-main/index.js
    at Function.Module._resolveFilename (internal/modules/cjs/loader.js:880:15)
    at Module.Hook._require.Module.require (/data/data/com.termux/files/usr/lib/node_modules/pm2/node_modules/require-in-the-middle/index.js:61:29)
    at require (internal/modules/cjs/helpers.js:88:18)
    at Object.<anonymous> (/storage/emulated/0/Caussz-main/index.js:18:5)
    at Module._compile (internal/modules/cjs/loader.js:1063:30)
    at Object.Module._extensions..js (internal/modules/cjs/loader.js:1092:10)
    at Module.load (internal/modules/cjs/loader.js:928:32)
    at Function.Module._load (internal/modules/cjs/loader.js:769:14)
    at Object.<anonymous> (/data/data/com.termux/files/usr/lib/node_modules/pm2/lib/ProcessContainerFork.js:33:23)
    at Module._compile (internal/modules/cjs/loader.js:1063:30) {
  code: 'MODULE_NOT_FOUND',
  requireStack: [ '/storage/emulated/0/Caussz-main/index.js' ]
}
Error: Cannot find module '@adiwajshing/baileys'
Require stack:
- /storage/emulated/0/Caussz-main/index.js
    at Function.Module._resolveFilename (internal/modules/cjs/loader.js:880:15)
    at Module.Hook._require.Module.require (/data/data/com.termux/files/usr/lib/node_modules/pm2/node_modules/require-in-the-middle/index.js:61:29)
    at require (internal/modules/cjs/helpers.js:88:18)
    at Object.<anonymous> (/storage/emulated/0/Caussz-main/index.js:18:5)
    at Module._compile (internal/modules/cjs/loader.js:1063:30)
    at Object.Module._extensions..js (internal/modules/cjs/loader.js:1092:10)
    at Module.load (internal/modules/cjs/loader.js:928:32)
    at Function.Module._load (internal/modules/cjs/loader.js:769:14)
    at Object.<anonymous> (/data/data/com.termux/files/usr/lib/node_modules/pm2/lib/ProcessContainerFork.js:33:23)
    at Module._compile (internal/modules/cjs/loader.js:1063:30) {
  code: 'MODULE_NOT_FOUND',
  requireStack: [ '/storage/emulated/0/Caussz-main/index.js' ]
}
Error: Cannot find module '@adiwajshing/baileys'
Require stack:
- /storage/emulated/0/Caussz-main/index.js
    at Function.Module._resolveFilename (internal/modules/cjs/loader.js:880:15)
    at Module.Hook._require.Module.require (/data/data/com.termux/files/usr/lib/node_modules/pm2/node_modules/require-in-the-middle/index.js:61:29)
    at require (internal/modules/cjs/helpers.js:88:18)
    at Object.<anonymous> (/storage/emulated/0/Caussz-main/index.js:18:5)
    at Module._compile (internal/modules/cjs/loader.js:1063:30)
    at Object.Module._extensions..js (internal/modules/cjs/loader.js:1092:10)
    at Module.load (internal/modules/cjs/loader.js:928:32)
    at Function.Module._load (internal/modules/cjs/loader.js:769:14)
    at Object.<anonymous> (/data/data/com.termux/files/usr/lib/node_modules/pm2/lib/ProcessContainerFork.js:33:23)
    at Module._compile (internal/modules/cjs/loader.js:1063:30) {
  code: 'MODULE_NOT_FOUND',
  requireStack: [ '/storage/emulated/0/Caussz-main/index.js' ]
}
Error: Cannot find module '@adiwajshing/baileys'
Require stack:
- /storage/emulated/0/Caussz-main/index.js
    at Function.Module._resolveFilename (internal/modules/cjs/loader.js:880:15)
    at Module.Hook._require.Module.require (/data/data/com.termux/files/usr/lib/node_modules/pm2/node_modules/require-in-the-middle/index.js:61:29)
    at require (internal/modules/cjs/helpers.js:88:18)
    at Object.<anonymous> (/storage/emulated/0/Caussz-main/index.js:18:5)
    at Module._compile (internal/modules/cjs/loader.js:1063:30)
    at Object.Module._extensions..js (internal/modules/cjs/loader.js:1092:10)
    at Module.load (internal/modules/cjs/loader.js:928:32)
    at Function.Module._load (internal/modules/cjs/loader.js:769:14)
    at Object.<anonymous> (/data/data/com.termux/files/usr/lib/node_modules/pm2/lib/ProcessContainerFork.js:33:23)
    at Module._compile (internal/modules/cjs/loader.js:1063:30) {
  code: 'MODULE_NOT_FOUND',
  requireStack: [ '/storage/emulated/0/Caussz-main/index.js' ]
}
Error: Cannot find module '@adiwajshing/baileys'
Require stack:
- /storage/emulated/0/Caussz-main/index.js
    at Function.Module._resolveFilename (internal/modules/cjs/loader.js:880:15)
    at Module.Hook._require.Module.require (/data/data/com.termux/files/usr/lib/node_modules/pm2/node_modules/require-in-the-middle/index.js:61:29)
    at require (internal/modules/cjs/helpers.js:88:18)
    at Object.<anonymous> (/storage/emulated/0/Caussz-main/index.js:18:5)
    at Module._compile (internal/modules/cjs/loader.js:1063:30)
    at Object.Module._extensions..js (internal/modules/cjs/loader.js:1092:10)
    at Module.load (internal/modules/cjs/loader.js:928:32)
    at Function.Module._load (internal/modules/cjs/loader.js:769:14)
    at Object.<anonymous> (/data/data/com.termux/files/usr/lib/node_modules/pm2/lib/ProcessContainerFork.js:33:23)
    at Module._compile (internal/modules/cjs/loader.js:1063:30) {
  code: 'MODULE_NOT_FOUND',
  requireStack: [ '/storage/emulated/0/Caussz-main/index.js' ]
}
Error: Cannot find module '@adiwajshing/baileys'
Require stack:
- /storage/emulated/0/Caussz-main/index.js
    at Function.Module._resolveFilename (internal/modules/cjs/loader.js:880:15)
    at Module.Hook._require.Module.require (/data/data/com.termux/files/usr/lib/node_modules/pm2/node_modules/require-in-the-middle/index.js:61:29)
    at require (internal/modules/cjs/helpers.js:88:18)
    at Object.<anonymous> (/storage/emulated/0/Caussz-main/index.js:18:5)
    at Module._compile (internal/modules/cjs/loader.js:1063:30)
    at Object.Module._extensions..js (internal/modules/cjs/loader.js:1092:10)
    at Module.load (internal/modules/cjs/loader.js:928:32)
    at Function.Module._load (internal/modules/cjs/loader.js:769:14)
    at Object.<anonymous> (/data/data/com.termux/files/usr/lib/node_modules/pm2/lib/ProcessContainerFork.js:33:23)
    at Module._compile (internal/modules/cjs/loader.js:1063:30) {
  code: 'MODULE_NOT_FOUND',
  requireStack: [ '/storage/emulated/0/Caussz-main/index.js' ]
}
Error: Cannot find module '@adiwajshing/baileys'
Require stack:
- /storage/emulated/0/Caussz-main/index.js
    at Function.Module._resolveFilename (internal/modules/cjs/loader.js:880:15)
    at Module.Hook._require.Module.require (/data/data/com.termux/files/usr/lib/node_modules/pm2/node_modules/require-in-the-middle/index.js:61:29)
    at require (internal/modules/cjs/helpers.js:88:18)
    at Object.<anonymous> (/storage/emulated/0/Caussz-main/index.js:18:5)
    at Module._compile (internal/modules/cjs/loader.js:1063:30)
    at Object.Module._extensions..js (internal/modules/cjs/loader.js:1092:10)
    at Module.load (internal/modules/cjs/loader.js:928:32)
    at Function.Module._load (internal/modules/cjs/loader.js:769:14)
    at Object.<anonymous> (/data/data/com.termux/files/usr/lib/node_modules/pm2/lib/ProcessContainerFork.js:33:23)
    at Module._compile (internal/modules/cjs/loader.js:1063:30) {
  code: 'MODULE_NOT_FOUND',
  requireStack: [ '/storage/emulated/0/Caussz-main/index.js' ]
}
Error: Cannot find module '@adiwajshing/baileys'
Require stack:
- /storage/emulated/0/Caussz-main/index.js
    at Function.Module._resolveFilename (internal/modules/cjs/loader.js:880:15)
    at Module.Hook._require.Module.require (/data/data/com.termux/files/usr/lib/node_modules/pm2/node_modules/require-in-the-middle/index.js:61:29)
    at require (internal/modules/cjs/helpers.js:88:18)
    at Object.<anonymous> (/storage/emulated/0/Caussz-main/index.js:18:5)
    at Module._compile (internal/modules/cjs/loader.js:1063:30)
    at Object.Module._extensions..js (internal/modules/cjs/loader.js:1092:10)
    at Module.load (internal/modules/cjs/loader.js:928:32)
    at Function.Module._load (internal/modules/cjs/loader.js:769:14)
    at Object.<anonymous> (/data/data/com.termux/files/usr/lib/node_modules/pm2/lib/ProcessContainerFork.js:33:23)
    at Module._compile (internal/modules/cjs/loader.js:1063:30) {
  code: 'MODULE_NOT_FOUND',
  requireStack: [ '/storage/emulated/0/Caussz-main/index.js' ]
}
Error: Cannot find module '@adiwajshing/baileys'
Require stack:
- /storage/emulated/0/Caussz-main/index.js
    at Function.Module._resolveFilename (internal/modules/cjs/loader.js:880:15)
    at Module.Hook._require.Module.require (/data/data/com.termux/files/usr/lib/node_modules/pm2/node_modules/require-in-the-middle/index.js:61:29)
    at require (internal/modules/cjs/helpers.js:88:18)
    at Object.<anonymous> (/storage/emulated/0/Caussz-main/index.js:18:5)
    at Module._compile (internal/modules/cjs/loader.js:1063:30)
    at Object.Module._extensions..js (internal/modules/cjs/loader.js:1092:10)
    at Module.load (internal/modules/cjs/loader.js:928:32)
    at Function.Module._load (internal/modules/cjs/loader.js:769:14)
    at Object.<anonymous> (/data/data/com.termux/files/usr/lib/node_modules/pm2/lib/ProcessContainerFork.js:33:23)
    at Module._compile (internal/modules/cjs/loader.js:1063:30) {
  code: 'MODULE_NOT_FOUND',
  requireStack: [ '/storage/emulated/0/Caussz-main/index.js' ]
}
Error: Cannot find module '@adiwajshing/baileys'
Require stack:
- /storage/emulated/0/Caussz-main/index.js
    at Function.Module._resolveFilename (internal/modules/cjs/loader.js:880:15)
    at Module.Hook._require.Module.require (/data/data/com.termux/files/usr/lib/node_modules/pm2/node_modules/require-in-the-middle/index.js:61:29)
    at require (internal/modules/cjs/helpers.js:88:18)
    at Object.<anonymous> (/storage/emulated/0/Caussz-main/index.js:18:5)
    at Module._compile (internal/modules/cjs/loader.js:1063:30)
    at Object.Module._extensions..js (internal/modules/cjs/loader.js:1092:10)
    at Module.load (internal/modules/cjs/loader.js:928:32)
    at Function.Module._load (internal/modules/cjs/loader.js:769:14)
    at Object.<anonymous> (/data/data/com.termux/files/usr/lib/node_modules/pm2/lib/ProcessContainerFork.js:33:23)
    at Module._compile (internal/modules/cjs/loader.js:1063:30) {
  code: 'MODULE_NOT_FOUND',
  requireStack: [ '/storage/emulated/0/Caussz-main/index.js' ]
}
Error: Cannot find module '@adiwajshing/baileys'
Require stack:
- /storage/emulated/0/Caussz-main/index.js
    at Function.Module._resolveFilename (internal/modules/cjs/loader.js:880:15)
    at Module.Hook._require.Module.require (/data/data/com.termux/files/usr/lib/node_modules/pm2/node_modules/require-in-the-middle/index.js:61:29)
    at require (internal/modules/cjs/helpers.js:88:18)
    at Object.<anonymous> (/storage/emulated/0/Caussz-main/index.js:18:5)
    at Module._compile (internal/modules/cjs/loader.js:1063:30)
    at Object.Module._extensions..js (internal/modules/cjs/loader.js:1092:10)
    at Module.load (internal/modules/cjs/loader.js:928:32)
    at Function.Module._load (internal/modules/cjs/loader.js:769:14)
    at Object.<anonymous> (/data/data/com.termux/files/usr/lib/node_modules/pm2/lib/ProcessContainerFork.js:33:23)
    at Module._compile (internal/modules/cjs/loader.js:1063:30) {
  code: 'MODULE_NOT_FOUND',
  requireStack: [ '/storage/emulated/0/Caussz-main/index.js' ]
}
Error: Cannot find module '@adiwajshing/baileys'
Require stack:
- /storage/emulated/0/Caussz-main/index.js
    at Function.Module._resolveFilename (internal/modules/cjs/loader.js:880:15)
    at Module.Hook._require.Module.require (/data/data/com.termux/files/usr/lib/node_modules/pm2/node_modules/require-in-the-middle/index.js:61:29)
    at require (internal/modules/cjs/helpers.js:88:18)
    at Object.<anonymous> (/storage/emulated/0/Caussz-main/index.js:18:5)
    at Module._compile (internal/modules/cjs/loader.js:1063:30)
    at Object.Module._extensions..js (internal/modules/cjs/loader.js:1092:10)
    at Module.load (internal/modules/cjs/loader.js:928:32)
    at Function.Module._load (internal/modules/cjs/loader.js:769:14)
    at Object.<anonymous> (/data/data/com.termux/files/usr/lib/node_modules/pm2/lib/ProcessContainerFork.js:33:23)
    at Module._compile (internal/modules/cjs/loader.js:1063:30) {
  code: 'MODULE_NOT_FOUND',
  requireStack: [ '/storage/emulated/0/Caussz-main/index.js' ]
}
Error: Cannot find module '@adiwajshing/baileys'
Require stack:
- /storage/emulated/0/Caussz-main/index.js
    at Function.Module._resolveFilename (internal/modules/cjs/loader.js:880:15)
    at Module.Hook._require.Module.require (/data/data/com.termux/files/usr/lib/node_modules/pm2/node_modules/require-in-the-middle/index.js:61:29)
    at require (internal/modules/cjs/helpers.js:88:18)
    at Object.<anonymous> (/storage/emulated/0/Caussz-main/index.js:18:5)
    at Module._compile (internal/modules/cjs/loader.js:1063:30)
    at Object.Module._extensions..js (internal/modules/cjs/loader.js:1092:10)
    at Module.load (internal/modules/cjs/loader.js:928:32)
    at Function.Module._load (internal/modules/cjs/loader.js:769:14)
    at Object.<anonymous> (/data/data/com.termux/files/usr/lib/node_modules/pm2/lib/ProcessContainerFork.js:33:23)
    at Module._compile (internal/modules/cjs/loader.js:1063:30) {
  code: 'MODULE_NOT_FOUND',
  requireStack: [ '/storage/emulated/0/Caussz-main/index.js' ]
}
Error: Cannot find module '@adiwajshing/baileys'
Require stack:
- /storage/emulated/0/Caussz-main/index.js
    at Function.Module._resolveFilename (internal/modules/cjs/loader.js:880:15)
    at Module.Hook._require.Module.require (/data/data/com.termux/files/usr/lib/node_modules/pm2/node_modules/require-in-the-middle/index.js:61:29)
    at require (internal/modules/cjs/helpers.js:88:18)
    at Object.<anonymous> (/storage/emulated/0/Caussz-main/index.js:18:5)
    at Module._compile (internal/modules/cjs/loader.js:1063:30)
    at Object.Module._extensions..js (internal/modules/cjs/loader.js:1092:10)
    at Module.load (internal/modules/cjs/loader.js:928:32)
    at Function.Module._load (internal/modules/cjs/loader.js:769:14)
    at Object.<anonymous> (/data/data/com.termux/files/usr/lib/node_modules/pm2/lib/ProcessContainerFork.js:33:23)
    at Module._compile (internal/modules/cjs/loader.js:1063:30) {
  code: 'MODULE_NOT_FOUND',
  requireStack: [ '/storage/emulated/0/Caussz-main/index.js' ]
}
Error: Cannot find module '@adiwajshing/baileys'
Require stack:
- /storage/emulated/0/Caussz-main/index.js
    at Function.Module._resolveFilename (internal/modules/cjs/loader.js:880:15)
    at Module.Hook._require.Module.require (/data/data/com.termux/files/usr/lib/node_modules/pm2/node_modules/require-in-the-middle/index.js:61:29)
    at require (internal/modules/cjs/helpers.js:88:18)
    at Object.<anonymous> (/storage/emulated/0/Caussz-main/index.js:18:5)
    at Module._compile (internal/modules/cjs/loader.js:1063:30)
    at Object.Module._extensions..js (internal/modules/cjs/loader.js:1092:10)
    at Module.load (internal/modules/cjs/loader.js:928:32)
    at Function.Module._load (internal/modules/cjs/loader.js:769:14)
    at Object.<anonymous> (/data/data/com.termux/files/usr/lib/node_modules/pm2/lib/ProcessContainerFork.js:33:23)
    at Module._compile (internal/modules/cjs/loader.js:1063:30) {
  code: 'MODULE_NOT_FOUND',
  requireStack: [ '/storage/emulated/0/Caussz-main/index.js' ]
}
Error: Cannot find module '@adiwajshing/baileys'
Require stack:
- /storage/emulated/0/Caussz-main/index.js
    at Function.Module._resolveFilename (internal/modules/cjs/loader.js:880:15)
    at Module.Hook._require.Module.require (/data/data/com.termux/files/usr/lib/node_modules/pm2/node_modules/require-in-the-middle/index.js:61:29)
    at require (internal/modules/cjs/helpers.js:88:18)
    at Object.<anonymous> (/storage/emulated/0/Caussz-main/index.js:18:5)
    at Module._compile (internal/modules/cjs/loader.js:1063:30)
    at Object.Module._extensions..js (internal/modules/cjs/loader.js:1092:10)
    at Module.load (internal/modules/cjs/loader.js:928:32)
    at Function.Module._load (internal/modules/cjs/loader.js:769:14)
    at Object.<anonymous> (/data/data/com.termux/files/usr/lib/node_modules/pm2/lib/ProcessContainerFork.js:33:23)
    at Module._compile (internal/modules/cjs/loader.js:1063:30) {
  code: 'MODULE_NOT_FOUND',
  requireStack: [ '/storage/emulated/0/Caussz-main/index.js' ]
}
Error: Cannot find module '@adiwajshing/baileys'
Require stack:
- /storage/emulated/0/Caussz-main/index.js
    at Function.Module._resolveFilename (internal/modules/cjs/loader.js:880:15)
    at Module.Hook._require.Module.require (/data/data/com.termux/files/usr/lib/node_modules/pm2/node_modules/require-in-the-middle/index.js:61:29)
    at require (internal/modules/cjs/helpers.js:88:18)
    at Object.<anonymous> (/storage/emulated/0/Caussz-main/index.js:18:5)
    at Module._compile (internal/modules/cjs/loader.js:1063:30)
    at Object.Module._extensions..js (internal/modules/cjs/loader.js:1092:10)
    at Module.load (internal/modules/cjs/loader.js:928:32)
    at Function.Module._load (internal/modules/cjs/loader.js:769:14)
    at Object.<anonymous> (/data/data/com.termux/files/usr/lib/node_modules/pm2/lib/ProcessContainerFork.js:33:23)
    at Module._compile (internal/modules/cjs/loader.js:1063:30) {
  code: 'MODULE_NOT_FOUND',
  requireStack: [ '/storage/emulated/0/Caussz-main/index.js' ]
}
